<?xml version="1.0" encoding="UTF-8"?>
<testng-results skipped="0" failed="1" ignored="2" total="5" passed="2">
  <reporter-output>
  </reporter-output>
  <suite name="TestAll" duration-ms="56184" started-at="2018-12-10T16:52:24Z" finished-at="2018-12-10T16:53:20Z">
    <groups>
      <group name="Module1">
        <method signature="DriverScript.Test_1010()[pri:0, instance:testCases.DriverScript@11758f2a]" name="Test_1010" class="testCases.DriverScript"/>
        <method signature="DriverScript.Test_1011()[pri:1, instance:testCases.DriverScript@11758f2a]" name="Test_1011" class="testCases.DriverScript"/>
        <method signature="DriverScript.Test_1014()[pri:4, instance:testCases.DriverScript@11758f2a]" name="Test_1014" class="testCases.DriverScript"/>
      </group> <!-- Module1 -->
      <group name="Module2">
        <method signature="DriverScript.Test_1010()[pri:0, instance:testCases.DriverScript@11758f2a]" name="Test_1010" class="testCases.DriverScript"/>
        <method signature="DriverScript.Test_1014()[pri:4, instance:testCases.DriverScript@11758f2a]" name="Test_1014" class="testCases.DriverScript"/>
      </group> <!-- Module2 -->
    </groups>
    <test name="phptravel" duration-ms="56184" started-at="2018-12-10T16:52:24Z" finished-at="2018-12-10T16:53:20Z">
      <class name="testCases.DriverScript">
        <test-method status="PASS" signature="setUp()[pri:0, instance:testCases.DriverScript@11758f2a]" name="setUp" is-config="true" duration-ms="312" started-at="2018-12-10T22:22:24Z" finished-at="2018-12-10T22:22:25Z">
          <reporter-output>
          </reporter-output>
        </test-method> <!-- setUp -->
        <test-method status="PASS" signature="initDriver()[pri:0, instance:testCases.DriverScript@11758f2a]" name="initDriver" is-config="true" duration-ms="4371" started-at="2018-12-10T22:22:25Z" finished-at="2018-12-10T22:22:29Z">
          <reporter-output>
          </reporter-output>
        </test-method> <!-- initDriver -->
        <test-method status="PASS" signature="initialize(org.testng.ITestResult)[pri:0, instance:testCases.DriverScript@11758f2a]" name="initialize" is-config="true" duration-ms="6746" started-at="2018-12-10T22:22:29Z" finished-at="2018-12-10T22:22:36Z">
          <params>
            <param index="0">
              <value>
                <![CDATA[[TestResult name=Test_1010 status=SUCCESS method=DriverScript.Test_1010()[pri:0, instance:testCases.DriverScript@11758f2a] output={null}]]]>
              </value>
            </param>
          </params>
          <reporter-output>
          </reporter-output>
        </test-method> <!-- initialize -->
        <test-method status="PASS" signature="Test_1010()[pri:0, instance:testCases.DriverScript@11758f2a]" name="Test_1010" duration-ms="10622" started-at="2018-12-10T22:22:36Z" description="Invalid Login Scenario with wrong username and password." finished-at="2018-12-10T22:22:46Z">
          <reporter-output>
          </reporter-output>
        </test-method> <!-- Test_1010 -->
        <test-method status="PASS" signature="closeTest(org.testng.ITestResult)[pri:0, instance:testCases.DriverScript@11758f2a]" name="closeTest" is-config="true" duration-ms="5" started-at="2018-12-10T22:22:46Z" finished-at="2018-12-10T22:22:46Z">
          <params>
            <param index="0">
              <value>
                <![CDATA[[TestResult name=Test_1010 status=SUCCESS method=DriverScript.Test_1010()[pri:0, instance:testCases.DriverScript@11758f2a] output={null}]]]>
              </value>
            </param>
          </params>
          <reporter-output>
          </reporter-output>
        </test-method> <!-- closeTest -->
        <test-method status="PASS" signature="initialize(org.testng.ITestResult)[pri:0, instance:testCases.DriverScript@11758f2a]" name="initialize" is-config="true" duration-ms="1199" started-at="2018-12-10T22:22:46Z" finished-at="2018-12-10T22:22:48Z">
          <params>
            <param index="0">
              <value>
                <![CDATA[[TestResult name=Test_1011 status=FAILURE method=DriverScript.Test_1011()[pri:1, instance:testCases.DriverScript@11758f2a] output={null}]]]>
              </value>
            </param>
          </params>
          <reporter-output>
          </reporter-output>
        </test-method> <!-- initialize -->
        <test-method status="FAIL" signature="Test_1011()[pri:1, instance:testCases.DriverScript@11758f2a]" name="Test_1011" duration-ms="12086" started-at="2018-12-10T22:22:48Z" description="Invalid Login Scenario with wrong username and password1." finished-at="2018-12-10T22:23:00Z">
          <exception class="org.openqa.selenium.NoSuchElementException">
            <message>
              <![CDATA[no such element: Unable to locate element: {"method":"xpath","selector":"(//a[contains(text(),'Johny')])[2]"}  (Session info: chrome=70.0.3538.110)  (Driver info: chromedriver=2.41.578737 (49da6702b16031c40d63e5618de03a32ff6c197e),platform=Windows NT 6.1.7601 SP1 x86_64) (WARNING: The server did not provide any stacktrace information)Command duration or timeout: 10.08 secondsFor documentation on this error, please visit: http://seleniumhq.org/exceptions/no_such_element.htmlBuild info: version: 'unknown', revision: 'unknown', time: 'unknown'System info: host: 'SURESH-PC', ip: '192.168.1.5', os.name: 'Windows 7', os.arch: 'amd64', os.version: '6.1', java.version: '1.8.0_111'Driver info: org.openqa.selenium.chrome.ChromeDriverCapabilities [{mobileEmulationEnabled=false, hasTouchScreen=false, platform=XP, acceptSslCerts=false, goog:chromeOptions={debuggerAddress=localhost:49893}, acceptInsecureCerts=false, webStorageEnabled=true, browserName=chrome, takesScreenshot=true, javascriptEnabled=true, setWindowRect=true, unexpectedAlertBehaviour=, applicationCacheEnabled=false, rotatable=false, networkConnectionEnabled=false, chrome={chromedriverVersion=2.41.578737 (49da6702b16031c40d63e5618de03a32ff6c197e), userDataDir=C:\Users\Suresh\AppData\Local\Temp\scoped_dir7724_17543}, takesHeapSnapshot=true, pageLoadStrategy=normal, databaseEnabled=false, handlesAlerts=true, version=70.0.3538.110, browserConnectionEnabled=false, nativeEvents=true, locationContextEnabled=true, cssSelectorsEnabled=true}]Session ID: d7a3dbbb05a1834dc118a4115f7262ab*** Element info: {Using=xpath, value=(//a[contains(text(),'Johny')])[2]}]]>
            </message>
            <full-stacktrace>
              <![CDATA[org.openqa.selenium.NoSuchElementException: no such element: Unable to locate element: {"method":"xpath","selector":"(//a[contains(text(),'Johny')])[2]"}  (Session info: chrome=70.0.3538.110)  (Driver info: chromedriver=2.41.578737 (49da6702b16031c40d63e5618de03a32ff6c197e),platform=Windows NT 6.1.7601 SP1 x86_64) (WARNING: The server did not provide any stacktrace information)Command duration or timeout: 10.08 secondsFor documentation on this error, please visit: http://seleniumhq.org/exceptions/no_such_element.htmlBuild info: version: 'unknown', revision: 'unknown', time: 'unknown'System info: host: 'SURESH-PC', ip: '192.168.1.5', os.name: 'Windows 7', os.arch: 'amd64', os.version: '6.1', java.version: '1.8.0_111'Driver info: org.openqa.selenium.chrome.ChromeDriverCapabilities [{mobileEmulationEnabled=false, hasTouchScreen=false, platform=XP, acceptSslCerts=false, goog:chromeOptions={debuggerAddress=localhost:49893}, acceptInsecureCerts=false, webStorageEnabled=true, browserName=chrome, takesScreenshot=true, javascriptEnabled=true, setWindowRect=true, unexpectedAlertBehaviour=, applicationCacheEnabled=false, rotatable=false, networkConnectionEnabled=false, chrome={chromedriverVersion=2.41.578737 (49da6702b16031c40d63e5618de03a32ff6c197e), userDataDir=C:\Users\Suresh\AppData\Local\Temp\scoped_dir7724_17543}, takesHeapSnapshot=true, pageLoadStrategy=normal, databaseEnabled=false, handlesAlerts=true, version=70.0.3538.110, browserConnectionEnabled=false, nativeEvents=true, locationContextEnabled=true, cssSelectorsEnabled=true}]Session ID: d7a3dbbb05a1834dc118a4115f7262ab*** Element info: {Using=xpath, value=(//a[contains(text(),'Johny')])[2]}at sun.reflect.NativeConstructorAccessorImpl.newInstance0(Native Method)at sun.reflect.NativeConstructorAccessorImpl.newInstance(Unknown Source)at sun.reflect.DelegatingConstructorAccessorImpl.newInstance(Unknown Source)at java.lang.reflect.Constructor.newInstance(Unknown Source)at org.openqa.selenium.remote.ErrorHandler.createThrowable(ErrorHandler.java:215)at org.openqa.selenium.remote.ErrorHandler.throwIfResponseFailed(ErrorHandler.java:167)at org.openqa.selenium.remote.RemoteWebDriver.execute(RemoteWebDriver.java:671)at org.openqa.selenium.remote.RemoteWebDriver.findElement(RemoteWebDriver.java:410)at org.openqa.selenium.remote.RemoteWebDriver.findElementByXPath(RemoteWebDriver.java:509)at org.openqa.selenium.By$ByXPath.findElement(By.java:361)at org.openqa.selenium.remote.RemoteWebDriver.findElement(RemoteWebDriver.java:402)at org.openqa.selenium.support.pagefactory.DefaultElementLocator.findElement(DefaultElementLocator.java:69)at org.openqa.selenium.support.pagefactory.internal.LocatingElementHandler.invoke(LocatingElementHandler.java:38)at com.sun.proxy.$Proxy11.click(Unknown Source)at pageObjects.HomePage.clickAccount(HomePage.java:60)at testCases.DriverScript.Test_1011(DriverScript.java:63)at sun.reflect.NativeMethodAccessorImpl.invoke0(Native Method)at sun.reflect.NativeMethodAccessorImpl.invoke(Unknown Source)at sun.reflect.DelegatingMethodAccessorImpl.invoke(Unknown Source)at java.lang.reflect.Method.invoke(Unknown Source)at org.testng.internal.MethodInvocationHelper.invokeMethod(MethodInvocationHelper.java:124)at org.testng.internal.Invoker.invokeMethod(Invoker.java:571)at org.testng.internal.Invoker.invokeTestMethod(Invoker.java:707)at org.testng.internal.Invoker.invokeTestMethods(Invoker.java:979)at org.testng.internal.TestMethodWorker.invokeTestMethods(TestMethodWorker.java:125)at org.testng.internal.TestMethodWorker.run(TestMethodWorker.java:109)at org.testng.TestRunner.privateRun(TestRunner.java:648)at org.testng.TestRunner.run(TestRunner.java:505)at org.testng.SuiteRunner.runTest(SuiteRunner.java:455)at org.testng.SuiteRunner.runSequentially(SuiteRunner.java:450)at org.testng.SuiteRunner.privateRun(SuiteRunner.java:415)at org.testng.SuiteRunner.run(SuiteRunner.java:364)at org.testng.SuiteRunnerWorker.runSuite(SuiteRunnerWorker.java:52)at org.testng.SuiteRunnerWorker.run(SuiteRunnerWorker.java:84)at org.testng.TestNG.runSuitesSequentially(TestNG.java:1187)at org.testng.TestNG.runSuitesLocally(TestNG.java:1116)at org.testng.TestNG.runSuites(TestNG.java:1028)at org.testng.TestNG.run(TestNG.java:996)at org.testng.remote.AbstractRemoteTestNG.run(AbstractRemoteTestNG.java:114)at org.testng.remote.RemoteTestNG.initAndRun(RemoteTestNG.java:251)at org.testng.remote.RemoteTestNG.main(RemoteTestNG.java:77)]]>
            </full-stacktrace>
          </exception> <!-- org.openqa.selenium.NoSuchElementException -->
          <reporter-output>
          </reporter-output>
        </test-method> <!-- Test_1011 -->
        <test-method status="PASS" signature="closeTest(org.testng.ITestResult)[pri:0, instance:testCases.DriverScript@11758f2a]" name="closeTest" is-config="true" duration-ms="1" started-at="2018-12-10T22:23:00Z" finished-at="2018-12-10T22:23:00Z">
          <params>
            <param index="0">
              <value>
                <![CDATA[[TestResult name=Test_1011 status=FAILURE method=DriverScript.Test_1011()[pri:1, instance:testCases.DriverScript@11758f2a] output={null}]]]>
              </value>
            </param>
          </params>
          <reporter-output>
          </reporter-output>
        </test-method> <!-- closeTest -->
        <test-method status="PASS" signature="initialize(org.testng.ITestResult)[pri:0, instance:testCases.DriverScript@11758f2a]" name="initialize" is-config="true" duration-ms="1135" started-at="2018-12-10T22:23:00Z" finished-at="2018-12-10T22:23:01Z">
          <params>
            <param index="0">
              <value>
                <![CDATA[[TestResult name=Test_1014 status=SUCCESS method=DriverScript.Test_1014()[pri:4, instance:testCases.DriverScript@11758f2a] output={null}]]]>
              </value>
            </param>
          </params>
          <reporter-output>
          </reporter-output>
        </test-method> <!-- initialize -->
        <test-method status="PASS" signature="Test_1014()[pri:4, instance:testCases.DriverScript@11758f2a]" name="Test_1014" duration-ms="18306" started-at="2018-12-10T22:23:01Z" description="Invalid Login Scenario with wrong username and password." finished-at="2018-12-10T22:23:19Z">
          <reporter-output>
          </reporter-output>
        </test-method> <!-- Test_1014 -->
        <test-method status="PASS" signature="closeTest(org.testng.ITestResult)[pri:0, instance:testCases.DriverScript@11758f2a]" name="closeTest" is-config="true" duration-ms="1" started-at="2018-12-10T22:23:19Z" finished-at="2018-12-10T22:23:19Z">
          <params>
            <param index="0">
              <value>
                <![CDATA[[TestResult name=Test_1014 status=SUCCESS method=DriverScript.Test_1014()[pri:4, instance:testCases.DriverScript@11758f2a] output={null}]]]>
              </value>
            </param>
          </params>
          <reporter-output>
          </reporter-output>
        </test-method> <!-- closeTest -->
        <test-method status="PASS" signature="endDriver()[pri:0, instance:testCases.DriverScript@11758f2a]" name="endDriver" is-config="true" duration-ms="1331" started-at="2018-12-10T22:23:19Z" finished-at="2018-12-10T22:23:20Z">
          <reporter-output>
          </reporter-output>
        </test-method> <!-- endDriver -->
        <test-method status="PASS" signature="tearDown()[pri:0, instance:testCases.DriverScript@11758f2a]" name="tearDown" is-config="true" duration-ms="624" started-at="2018-12-10T22:23:21Z" finished-at="2018-12-10T22:23:21Z">
          <reporter-output>
          </reporter-output>
        </test-method> <!-- tearDown -->
      </class> <!-- testCases.DriverScript -->
    </test> <!-- phptravel -->
  </suite> <!-- TestAll -->
</testng-results>
